{"name":"tearDown","status":"broken","statusDetails":{"known":false,"muted":false,"flaky":false,"message":"{\"id\":1,\"error\":{\"code\":-32601,\"message\":\"'Network.disable' wasn't found\"}}\nBuild info: version: '4.0.0-beta-4', revision: '29f46d02dd'\nSystem info: host: 'LPP00173386D.local', ip: '192.168.1.14', os.name: 'Mac OS X', os.arch: 'x86_64', os.version: '10.16', java.version: '11.0.9'\nDriver info: driver.version: unknown","trace":"org.openqa.selenium.devtools.DevToolsException: {\"id\":1,\"error\":{\"code\":-32601,\"message\":\"'Network.disable' wasn't found\"}}\nBuild info: version: '4.0.0-beta-4', revision: '29f46d02dd'\nSystem info: host: 'LPP00173386D.local', ip: '192.168.1.14', os.name: 'Mac OS X', os.arch: 'x86_64', os.version: '10.16', java.version: '11.0.9'\nDriver info: driver.version: unknown\n\tat org.openqa.selenium.devtools.Connection.sendAndWait(Connection.java:155)\n\tat org.openqa.selenium.devtools.DevTools.send(DevTools.java:66)\n\tat seleniumallstuff.devtoolstest.mockUrl.tearDown(mockUrl.java:55)\n\tat java.base/jdk.internal.reflect.NativeMethodAccessorImpl.invoke0(Native Method)\n\tat java.base/jdk.internal.reflect.NativeMethodAccessorImpl.invoke(NativeMethodAccessorImpl.java:62)\n\tat java.base/jdk.internal.reflect.DelegatingMethodAccessorImpl.invoke(DelegatingMethodAccessorImpl.java:43)\n\tat java.base/java.lang.reflect.Method.invoke(Method.java:566)\n\tat org.testng.internal.MethodInvocationHelper.invokeMethod(MethodInvocationHelper.java:133)\n\tat org.testng.internal.MethodInvocationHelper.invokeMethodConsideringTimeout(MethodInvocationHelper.java:62)\n\tat org.testng.internal.ConfigInvoker.invokeConfigurationMethod(ConfigInvoker.java:340)\n\tat org.testng.internal.ConfigInvoker.invokeConfigurations(ConfigInvoker.java:294)\n\tat org.testng.internal.TestInvoker.runConfigMethods(TestInvoker.java:683)\n\tat org.testng.internal.TestInvoker.runAfterGroupsConfigurations(TestInvoker.java:658)\n\tat org.testng.internal.TestInvoker.invokeMethod(TestInvoker.java:530)\n\tat org.testng.internal.TestInvoker.invokeTestMethod(TestInvoker.java:172)\n\tat org.testng.internal.MethodRunner.runInSequence(MethodRunner.java:46)\n\tat org.testng.internal.TestInvoker$MethodInvocationAgent.invoke(TestInvoker.java:804)\n\tat org.testng.internal.TestInvoker.invokeTestMethods(TestInvoker.java:145)\n\tat org.testng.internal.TestMethodWorker.invokeTestMethods(TestMethodWorker.java:146)\n\tat org.testng.internal.TestMethodWorker.run(TestMethodWorker.java:128)\n\tat java.base/java.util.ArrayList.forEach(ArrayList.java:1541)\n\tat org.testng.TestRunner.privateRun(TestRunner.java:770)\n\tat org.testng.TestRunner.run(TestRunner.java:591)\n\tat org.testng.SuiteRunner.runTest(SuiteRunner.java:402)\n\tat org.testng.SuiteRunner.runSequentially(SuiteRunner.java:396)\n\tat org.testng.SuiteRunner.privateRun(SuiteRunner.java:355)\n\tat org.testng.SuiteRunner.run(SuiteRunner.java:304)\n\tat org.testng.SuiteRunnerWorker.runSuite(SuiteRunnerWorker.java:53)\n\tat org.testng.SuiteRunnerWorker.run(SuiteRunnerWorker.java:96)\n\tat org.testng.TestNG.runSuitesSequentially(TestNG.java:1180)\n\tat org.testng.TestNG.runSuitesLocally(TestNG.java:1102)\n\tat org.testng.TestNG.runSuites(TestNG.java:1032)\n\tat org.testng.TestNG.run(TestNG.java:1000)\n\tat com.intellij.rt.testng.IDEARemoteTestNG.run(IDEARemoteTestNG.java:66)\n\tat com.intellij.rt.testng.RemoteTestNGStarter.main(RemoteTestNGStarter.java:109)\nCaused by: org.openqa.selenium.WebDriverException: {\"id\":1,\"error\":{\"code\":-32601,\"message\":\"'Network.disable' wasn't found\"}}\nBuild info: version: '4.0.0-beta-4', revision: '29f46d02dd'\nSystem info: host: 'LPP00173386D.local', ip: '192.168.1.14', os.name: 'Mac OS X', os.arch: 'x86_64', os.version: '10.16', java.version: '11.0.9'\nDriver info: driver.version: unknown\n\tat org.openqa.selenium.devtools.Connection.handle(Connection.java:222)\n\tat org.openqa.selenium.devtools.Connection.access$200(Connection.java:55)\n\tat org.openqa.selenium.devtools.Connection$Listener.lambda$onText$0(Connection.java:187)\n\tat java.base/java.util.concurrent.ThreadPoolExecutor.runWorker(ThreadPoolExecutor.java:1128)\n\tat java.base/java.util.concurrent.ThreadPoolExecutor$Worker.run(ThreadPoolExecutor.java:628)\n\tat java.base/java.lang.Thread.run(Thread.java:834)\n"},"stage":"finished","steps":[],"attachments":[],"parameters":[],"start":1638688879659,"stop":1638688879660,"uuid":"8f158bbb-3d14-4e4c-abf8-dd2cce6e6588","historyId":"20eeb821933beed16e7e3fa40160659f","fullName":"seleniumallstuff.devtoolstest.mockUrl.tearDown","labels":[{"name":"package","value":"seleniumallstuff.devtoolstest.mockUrl"},{"name":"testClass","value":"seleniumallstuff.devtoolstest.mockUrl"},{"name":"testMethod","value":"tearDown"},{"name":"parentSuite","value":"Default Suite"},{"name":"suite","value":"Selenium.AllStuff.Testing"},{"name":"subSuite","value":"seleniumallstuff.devtoolstest.mockUrl"},{"name":"host","value":"LPP00173386D.local"},{"name":"thread","value":"18848@LPP00173386D.local.main(1)"},{"name":"framework","value":"testng"},{"name":"language","value":"java"},{"name":"AS_ID","value":"-1"}],"links":[]}